# JRE version: Java(TM) SE Runtime Environment (22.0.1+8) (build 22.0.1+8-16)
# Java VM: Java HotSpot(TM) 64-Bit Server VM (22.0.1+8-16, mixed mode, sharing, tiered, compressed oops, compressed class ptrs, g1 gc, windows-amd64)
GC Precious Log:
 CardTable entry size: 512
 Card Set container configuration: InlinePtr #cards 5 size 8 Array Of Cards #cards 12 size 40 Howl #buckets 4 coarsen threshold 1843 Howl Bitmap #cards 512 size 80 coarsen threshold 460 Card regions per heap region 1 cards per card region 2048
 CPUs: 12 total, 12 available
 Memory: 7863M
 Large Page Support: Disabled
 NUMA Support: Disabled
 Compressed Oops: Enabled (32-bit)
 Heap Region Size: 1M
 Heap Min Capacity: 8M
 Heap Initial Capacity: 124M
 Heap Max Capacity: 1966M
 Pre-touch: Disabled
 Parallel Workers: 10
 Concurrent Workers: 3
 Concurrent Refinement Workers: 10
 Periodic GC: Disabled
Heap:
 garbage-first heap   total reserved 2013184K, committed 177152K, used 99419K [0x0000000085200000, 0x0000000100000000)
  region size 1024K, 43 young (44032K), 7 survivors (7168K)
 Metaspace       used 50130K, committed 50752K, reserved 1114112K
  class space    used 5847K, committed 6144K, reserved 1048576K
GC Heap History (20 events):
Event: 11.844 GC heap before
{Heap before GC invocations=2 (full 0):
 garbage-first heap   total reserved 2013184K, committed 126976K, used 79623K [0x0000000085200000, 0x0000000100000000)
  region size 1024K, 74 young (75776K), 2 survivors (2048K)
 Metaspace       used 15522K, committed 15808K, reserved 1114112K
  class space    used 1869K, committed 1984K, reserved 1048576K
}
Event: 11.865 GC heap after
{Heap after GC invocations=3 (full 0):
 garbage-first heap   total reserved 2013184K, committed 126976K, used 13989K [0x0000000085200000, 0x0000000100000000)
  region size 1024K, 10 young (10240K), 10 survivors (10240K)
 Metaspace       used 15522K, committed 15808K, reserved 1114112K
  class space    used 1869K, committed 1984K, reserved 1048576K
}
Event: 13.926 GC heap before
{Heap before GC invocations=3 (full 0):
 garbage-first heap   total reserved 2013184K, committed 126976K, used 79525K [0x0000000085200000, 0x0000000100000000)
  region size 1024K, 74 young (75776K), 10 survivors (10240K)
 Metaspace       used 16087K, committed 16320K, reserved 1114112K
  class space    used 1877K, committed 1984K, reserved 1048576K
}
Event: 13.947 GC heap after
{Heap after GC invocations=4 (full 0):
 garbage-first heap   total reserved 2013184K, committed 126976K, used 17834K [0x0000000085200000, 0x0000000100000000)
  region size 1024K, 4 young (4096K), 4 survivors (4096K)
 Metaspace       used 16087K, committed 16320K, reserved 1114112K
  class space    used 1877K, committed 1984K, reserved 1048576K
}
Event: 16.589 GC heap before
{Heap before GC invocations=4 (full 0):
 garbage-first heap   total reserved 2013184K, committed 126976K, used 80298K [0x0000000085200000, 0x0000000100000000)
  region size 1024K, 60 young (61440K), 4 survivors (4096K)
 Metaspace       used 21197K, committed 21504K, reserved 1114112K
  class space    used 2500K, committed 2624K, reserved 1048576K
}
Event: 16.614 GC heap after
{Heap after GC invocations=5 (full 0):
 garbage-first heap   total reserved 2013184K, committed 126976K, used 27562K [0x0000000085200000, 0x0000000100000000)
  region size 1024K, 10 young (10240K), 10 survivors (10240K)
 Metaspace       used 21197K, committed 21504K, reserved 1114112K
  class space    used 2500K, committed 2624K, reserved 1048576K
}
Event: 19.942 GC heap before
{Heap before GC invocations=6 (full 0):
 garbage-first heap   total reserved 2013184K, committed 96256K, used 94122K [0x0000000085200000, 0x0000000100000000)
  region size 1024K, 71 young (72704K), 10 survivors (10240K)
 Metaspace       used 26725K, committed 27136K, reserved 1114112K
  class space    used 3101K, committed 3264K, reserved 1048576K
}
Event: 20.004 GC heap after
{Heap after GC invocations=7 (full 0):
 garbage-first heap   total reserved 2013184K, committed 122880K, used 46506K [0x0000000085200000, 0x0000000100000000)
  region size 1024K, 10 young (10240K), 10 survivors (10240K)
 Metaspace       used 26725K, committed 27136K, reserved 1114112K
  class space    used 3101K, committed 3264K, reserved 1048576K
}
Event: 22.488 GC heap before
{Heap before GC invocations=7 (full 0):
 garbage-first heap   total reserved 2013184K, committed 122880K, used 103850K [0x0000000085200000, 0x0000000100000000)
  region size 1024K, 61 young (62464K), 10 survivors (10240K)
 Metaspace       used 28897K, committed 29248K, reserved 1114112K
  class space    used 3389K, committed 3520K, reserved 1048576K
}
Event: 22.517 GC heap after
{Heap after GC invocations=8 (full 0):
 garbage-first heap   total reserved 2013184K, committed 147456K, used 48640K [0x0000000085200000, 0x0000000100000000)
  region size 1024K, 7 young (7168K), 7 survivors (7168K)
 Metaspace       used 28897K, committed 29248K, reserved 1114112K
  class space    used 3389K, committed 3520K, reserved 1048576K
}
Event: 25.307 GC heap before
{Heap before GC invocations=8 (full 0):
 garbage-first heap   total reserved 2013184K, committed 147456K, used 118272K [0x0000000085200000, 0x0000000100000000)
  region size 1024K, 71 young (72704K), 7 survivors (7168K)
 Metaspace       used 29256K, committed 29696K, reserved 1114112K
  class space    used 3415K, committed 3584K, reserved 1048576K
}
Event: 25.340 GC heap after
{Heap after GC invocations=9 (full 0):
 garbage-first heap   total reserved 2013184K, committed 147456K, used 72192K [0x0000000085200000, 0x0000000100000000)
  region size 1024K, 9 young (9216K), 9 survivors (9216K)
 Metaspace       used 29256K, committed 29696K, reserved 1114112K
  class space    used 3415K, committed 3584K, reserved 1048576K
}
Event: 27.277 GC heap before
{Heap before GC invocations=9 (full 0):
 garbage-first heap   total reserved 2013184K, committed 147456K, used 118272K [0x0000000085200000, 0x0000000100000000)
  region size 1024K, 55 young (56320K), 9 survivors (9216K)
 Metaspace       used 30672K, committed 31040K, reserved 1114112K
  class space    used 3567K, committed 3712K, reserved 1048576K
}
Event: 27.286 GC heap after
{Heap after GC invocations=10 (full 0):
 garbage-first heap   total reserved 2013184K, committed 147456K, used 66048K [0x0000000085200000, 0x0000000100000000)
  region size 1024K, 2 young (2048K), 2 survivors (2048K)
 Metaspace       used 30672K, committed 31040K, reserved 1114112K
  class space    used 3567K, committed 3712K, reserved 1048576K
}
Event: 29.588 GC heap before
{Heap before GC invocations=10 (full 0):
 garbage-first heap   total reserved 2013184K, committed 147456K, used 107008K [0x0000000085200000, 0x0000000100000000)
  region size 1024K, 41 young (41984K), 2 survivors (2048K)
 Metaspace       used 33417K, committed 33920K, reserved 1114112K
  class space    used 3896K, committed 4160K, reserved 1048576K
}
Event: 29.599 GC heap after
{Heap after GC invocations=11 (full 0):
 garbage-first heap   total reserved 2013184K, committed 147456K, used 70656K [0x0000000085200000, 0x0000000100000000)
  region size 1024K, 4 young (4096K), 4 survivors (4096K)
 Metaspace       used 33417K, committed 33920K, reserved 1114112K
  class space    used 3896K, committed 4160K, reserved 1048576K
}
Event: 33.758 GC heap before
{Heap before GC invocations=12 (full 0):
 garbage-first heap   total reserved 2013184K, committed 147456K, used 139264K [0x0000000085200000, 0x0000000100000000)
  region size 1024K, 57 young (58368K), 4 survivors (4096K)
 Metaspace       used 33793K, committed 34304K, reserved 1114112K
  class space    used 3953K, committed 4160K, reserved 1048576K
}
Event: 33.817 GC heap after
{Heap after GC invocations=13 (full 0):
 garbage-first heap   total reserved 2013184K, committed 147456K, used 72141K [0x0000000085200000, 0x0000000100000000)
  region size 1024K, 7 young (7168K), 7 survivors (7168K)
 Metaspace       used 33793K, committed 34304K, reserved 1114112K
  class space    used 3953K, committed 4160K, reserved 1048576K
}
Event: 56.195 GC heap before
{Heap before GC invocations=13 (full 0):
 garbage-first heap   total reserved 2013184K, committed 147456K, used 132557K [0x0000000085200000, 0x0000000100000000)
  region size 1024K, 61 young (62464K), 7 survivors (7168K)
 Metaspace       used 41087K, committed 41664K, reserved 1114112K
  class space    used 4854K, committed 5120K, reserved 1048576K
}
Event: 56.460 GC heap after
{Heap after GC invocations=14 (full 0):
 garbage-first heap   total reserved 2013184K, committed 177152K, used 62555K [0x0000000085200000, 0x0000000100000000)
  region size 1024K, 7 young (7168K), 7 survivors (7168K)
 Metaspace       used 41087K, committed 41664K, reserved 1114112K
  class space    used 4854K, committed 5120K, reserved 1048576K
}

